<?xml version="1.0" encoding="UTF-8"?>
<!-- Generated by org.testng.reporters.JUnitReportReporter -->
<testsuite hostname="Karthiks-MacBook-Pro.local" failures="0" tests="2" name="Testscripts.TestCaseBddGet" time="6.342" errors="0" timestamp="2021-04-10T21:53:43 MDT" skipped="0">
  <testcase classname="Testscripts.TestCaseBddGet" name="GetGoogleApi" time="6.017"/>
  <system-out/>
  <testcase classname="Testscripts.TestCaseBddGet" name="GetjsonApi" time="0.325"/>
  <system-out/>
</testsuite> <!-- Testscripts.TestCaseBddGet -->
