<?xml version="1.0" encoding="UTF-8"?>
<!-- Generated by org.testng.reporters.JUnitReportReporter -->
<testsuite hostname="Karthiks-MacBook-Pro.local" failures="0" tests="1" name="Testscripts.TestCaseBdd2" time="5.861" errors="0" timestamp="2021-04-10T13:57:01 MDT" skipped="0">
  <testcase classname="Testscripts.TestCaseBdd2" name="GetGoogleApi" time="5.861"/>
  <system-out/>
</testsuite> <!-- Testscripts.TestCaseBdd2 -->
